Arguments: 
  C:\Program Files\nodejs\node.exe C:\Program Files (x86)\Yarn\bin\yarn.js add react-native-gesture-handler react-native-reanimated react-native-screens react-native-

PATH: 
  C:\Users\Felipe\bin;C:\Program Files\Git\mingw64\bin;C:\Program Files\Git\usr\local\bin;C:\Program Files\Git\usr\bin;C:\Program Files\Git\usr\bin;C:\Program Files\Git\mingw64\bin;C:\Program Files\Git\usr\bin;C:\Users\Felipe\bin;C:\Windows\system32;C:\Windows;C:\Windows\System32\Wbem;C:\Windows\System32\WindowsPowerShell\v1.0;C:\Windows\System32\OpenSSH;C:\Program Files (x86)\NVIDIA Corporation\PhysX\Common;C:\Program Files\NVIDIA Corporation\NVIDIA NvDLISR;D:\ProgramFiles\git\Git\cmd;C:\Program Files\dotnet;C:\Program Files\nodejs;C:\Program Files (x86)\Yarn\bin;C:\Program Files\Git\cmd;C:\Users\Felipe\AppData\Local\Microsoft\WindowsApps;D:\ProgramasProgramacao\VsCode\Microsoft VS Code\bin;C:\Users\Felipe\.dotnet\tools;C:\Users\Felipe\AppData\Roaming\npm;C:\Users\Felipe\AppData\Local\Yarn\bin;C:\Users\Felipe\AppData\Local\Programs\Microsoft VS Code\bin;C:\Program Files\Git\usr\bin\vendor_perl;C:\Program Files\Git\usr\bin\core_perl

Yarn version: 
  1.22.5

Node version: 
  14.15.0

Platform: 
  win32 x64

Trace: 
  Error: https://registry.yarnpkg.com/react-native-: Not found
      at Request.params.callback [as _callback] (C:\Program Files (x86)\Yarn\lib\cli.js:66097:18)
      at Request.self.callback (C:\Program Files (x86)\Yarn\lib\cli.js:140749:22)
      at Request.emit (events.js:315:20)
      at Request.<anonymous> (C:\Program Files (x86)\Yarn\lib\cli.js:141721:10)
      at Request.emit (events.js:315:20)
      at IncomingMessage.<anonymous> (C:\Program Files (x86)\Yarn\lib\cli.js:141643:12)
      at Object.onceWrapper (events.js:421:28)
      at IncomingMessage.emit (events.js:327:22)
      at endReadableNT (_stream_readable.js:1327:12)
      at processTicksAndRejections (internal/process/task_queues.js:80:21)

npm manifest: 
  {
    "dependencies": {
      "@react-navigation/native": "^5.8.9"
    }
  }

yarn manifest: 
  No manifest

Lockfile: 
  # THIS IS AN AUTOGENERATED FILE. DO NOT EDIT THIS FILE DIRECTLY.
  # yarn lockfile v1
  
  
  "@react-navigation/core@^5.14.3":
    version "5.14.3"
    resolved "https://registry.yarnpkg.com/@react-navigation/core/-/core-5.14.3.tgz#6bbbfe1fb90aa64068fdb69bbb6c55120b7b24f1"
    integrity sha512-l4zCfIfPC4DYuDcluiisaWKg7GO5yAjBrIL0pzEw8bIBj+R6vnZnyG9AWgnwo5fl241DX+1sfgzGEUQgpIJNew==
    dependencies:
      "@react-navigation/routers" "^5.6.2"
      escape-string-regexp "^4.0.0"
      nanoid "^3.1.15"
      query-string "^6.13.6"
      react-is "^16.13.0"
  
  "@react-navigation/native@^5.8.9":
    version "5.8.9"
    resolved "https://registry.yarnpkg.com/@react-navigation/native/-/native-5.8.9.tgz#67ee2afef6af6ef40c425e02264bd25d1530b361"
    integrity sha512-d1oihLxp9UDVsZyvHNcwJfj+LKsEo0m8vEBBV6jhLJAXs1d2DEBzBXGeP907uG+877TK7luh2h79Or4w7/+p+g==
    dependencies:
      "@react-navigation/core" "^5.14.3"
      escape-string-regexp "^4.0.0"
      nanoid "^3.1.15"
  
  "@react-navigation/routers@^5.6.2":
    version "5.6.2"
    resolved "https://registry.yarnpkg.com/@react-navigation/routers/-/routers-5.6.2.tgz#accc008c3b777f74d998e16cb2ea8e4c1fe8d9aa"
    integrity sha512-XBcDKXS5s4MaHFufN44LtbXqFDH/nUHfHjbwG85fP3k772oRyPRgbnUb2mbw5MFGqORla9T7uymR6Gh6uwIwVw==
    dependencies:
      nanoid "^3.1.15"
  
  decode-uri-component@^0.2.0:
    version "0.2.0"
    resolved "https://registry.yarnpkg.com/decode-uri-component/-/decode-uri-component-0.2.0.tgz#eb3913333458775cb84cd1a1fae062106bb87545"
    integrity sha1-6zkTMzRYd1y4TNGh+uBiEGu4dUU=
  
  escape-string-regexp@^4.0.0:
    version "4.0.0"
    resolved "https://registry.yarnpkg.com/escape-string-regexp/-/escape-string-regexp-4.0.0.tgz#14ba83a5d373e3d311e5afca29cf5bfad965bf34"
    integrity sha512-TtpcNJ3XAzx3Gq8sWRzJaVajRs0uVxA2YAkdb1jm2YkPz4G6egUFAyA3n5vtEIZefPk5Wa4UXbKuS5fKkJWdgA==
  
  nanoid@^3.1.15:
    version "3.1.16"
    resolved "https://registry.yarnpkg.com/nanoid/-/nanoid-3.1.16.tgz#b21f0a7d031196faf75314d7c65d36352beeef64"
    integrity sha512-+AK8MN0WHji40lj8AEuwLOvLSbWYApQpre/aFJZD71r43wVRLrOYS4FmJOPQYon1TqB462RzrrxlfA74XRES8w==
  
  query-string@^6.13.6:
    version "6.13.7"
    resolved "https://registry.yarnpkg.com/query-string/-/query-string-6.13.7.tgz#af53802ff6ed56f3345f92d40a056f93681026ee"
    integrity sha512-CsGs8ZYb39zu0WLkeOhe0NMePqgYdAuCqxOYKDR5LVCytDZYMGx3Bb+xypvQvPHVPijRXB0HZNFllCzHRe4gEA==
    dependencies:
      decode-uri-component "^0.2.0"
      split-on-first "^1.0.0"
      strict-uri-encode "^2.0.0"
  
  react-is@^16.13.0:
    version "16.13.1"
    resolved "https://registry.yarnpkg.com/react-is/-/react-is-16.13.1.tgz#789729a4dc36de2999dc156dd6c1d9c18cea56a4"
    integrity sha512-24e6ynE2H+OKt4kqsOvNd8kBpV65zoxbA4BVsEOB3ARVWQki/DHzaUoC5KuON/BiccDaCCTZBuOcfZs70kR8bQ==
  
  split-on-first@^1.0.0:
    version "1.1.0"
    resolved "https://registry.yarnpkg.com/split-on-first/-/split-on-first-1.1.0.tgz#f610afeee3b12bce1d0c30425e76398b78249a5f"
    integrity sha512-43ZssAJaMusuKWL8sKUBQXHWOpq8d6CfN/u1p4gUzfJkM05C8rxTmYrkIPTXapZpORA6LkkzcUulJ8FqA7Uudw==
  
  strict-uri-encode@^2.0.0:
    version "2.0.0"
    resolved "https://registry.yarnpkg.com/strict-uri-encode/-/strict-uri-encode-2.0.0.tgz#b9c7330c7042862f6b142dc274bbcc5866ce3546"
    integrity sha1-ucczDHBChi9rFC3CdLvMWGbONUY=
